  Game.cpp
  Camera.cpp
  Cube.cpp
  main.cpp
  Mesh.cpp
scene\Mesh.cpp(62): warning C4244: 'argument': conversion from 'GLuint' to 'float', possible loss of data
  Model.cpp
scene\Model.cpp(12): error C2065: 'Shader': undeclared identifier
scene\Model.cpp(12): error C2065: 'shader': undeclared identifier
scene\Model.cpp(12): error C2761: 'void Model::draw(cgue::Shader *)': member function redeclaration not allowed
scene\Model.cpp(12): error C2448: 'Model::draw': function-style initializer appears to be a function definition
  ModelShadercpp.cpp
scene\ModelShadercpp.cpp(97): warning C4244: 'argument': conversion from 'int' to 'GLfloat', possible loss of data
  ModelTexture.cpp
  PointLight.cpp
scene\PointLight.cpp(1): warning C4067: unexpected tokens following preprocessor directive - expected a newline
scene\PointLight.cpp(2): warning C4067: unexpected tokens following preprocessor directive - expected a newline
  SceneObject.cpp
  stb_image.cpp
  Texture.cpp
  shader.cpp
